homeactivity/build/intermediates/manifest_merge_blame_file/debug/manifest-merger-blame-debug-report.txt
1<?xml version="1.0" encoding="utf-8"?>
2<manifest xmlns:android="http://schemas.android.com/apk/res/android"
3    package="com.ziad.homeactivity" >
4
5    <uses-sdk
6        android:minSdkVersion="21"
6-->src/main/AndroidManifest.xml
7        android:targetSdkVersion="29" />
7-->src/main/AndroidManifest.xml
8
9    <application android:theme="@style/AppTheme" >
9-->src/main/AndroidManifest.xml:5:5-13:19
9-->src/main/AndroidManifest.xml:5:18-49
10        <activity android:name="com.ziad.homeactivity.HomeActivity" >
10-->src/main/AndroidManifest.xml:6:9-12:20
10-->src/main/AndroidManifest.xml:6:19-47
11            <intent-filter>
11-->src/main/AndroidManifest.xml:7:13-10:29
12                <action android:name="com.ziad.funnyjokes.home.open" />
12-->src/main/AndroidManifest.xml:8:17-71
12-->src/main/AndroidManifest.xml:8:25-69
13
14                <category android:name="android.intent.category.DEFAULT" />
14-->src/main/AndroidManifest.xml:9:17-76
14-->src/main/AndroidManifest.xml:9:27-73
15            </intent-filter>
16        </activity>
17    </application>
18
19</manifest>